<?xml version="1.0" encoding="UTF-8"?>
<!-- Generated by org.testng.reporters.JUnitReportReporter -->
<testsuite hostname="DESKTOP-1GBCV1K" failures="0" tests="1" name="test.LoginTest" time="5.533" errors="0" timestamp="21 Sep 2021 04:30:07 GMT" skipped="0">
  <testcase classname="test.LoginTest" name="validUserShouldBeAbleToLogin" time="5.533"/>
</testsuite> <!-- test.LoginTest -->
